<?xml version="1.0" encoding="UTF-8"?>
<!-- Generated by org.testng.reporters.JUnitReportReporter -->
<testsuite hostname="Nidhis-MacBook-Air.local" failures="0" tests="4" name="com.Automation.TestsCases.CreatingCandidates_Test" time="58.111" errors="0" timestamp="2023-03-25T16:24:27 EDT" skipped="0">
  <testcase classname="com.Automation.TestsCases.CreatingCandidates_Test" name="createNewCandidate" time="14.355"/>
  <system-out/>
  <testcase classname="com.Automation.TestsCases.CreatingCandidates_Test" name="createNewCandidate" time="14.204"/>
  <system-out/>
  <testcase classname="com.Automation.TestsCases.CreatingCandidates_Test" name="createNewCandidate" time="14.728"/>
  <system-out/>
  <testcase classname="com.Automation.TestsCases.CreatingCandidates_Test" name="createNewCandidate" time="14.824"/>
  <system-out/>
</testsuite> <!-- com.Automation.TestsCases.CreatingCandidates_Test -->
