<?xml version="1.0" encoding="UTF-8"?>
<!-- Generated by org.testng.reporters.JUnitReportReporter -->
<testsuite hostname="Nidhis-MacBook-Air.local" failures="0" tests="4" name="com.Automation.TestsCases.HomePage_Test" time="39.476" errors="0" timestamp="2023-03-25T16:24:27 EDT" skipped="0">
  <testcase classname="com.Automation.TestsCases.HomePage_Test" name="homepageTitle" time="7.943"/>
  <system-out/>
  <testcase classname="com.Automation.TestsCases.HomePage_Test" name="checkingUser" time="8.490"/>
  <system-out/>
  <testcase classname="com.Automation.TestsCases.HomePage_Test" name="links" time="8.717"/>
  <system-out/>
  <testcase classname="com.Automation.TestsCases.HomePage_Test" name="clickOnRecruitment" time="14.326"/>
  <system-out/>
</testsuite> <!-- com.Automation.TestsCases.HomePage_Test -->
