<?xml version="1.0" encoding="UTF-8"?>
<!-- Generated by org.testng.reporters.JUnitReportReporter -->
<testsuite hostname="Nidhis-MacBook-Air.local" failures="0" tests="3" name="com.Automation.TestsCases.RecuritmentPage_Test" time="35.734" errors="0" timestamp="2023-03-25T16:24:27 EDT" skipped="0">
  <testcase classname="com.Automation.TestsCases.RecuritmentPage_Test" name="verifyingRecrutmentPage" time="10.150"/>
  <system-out/>
  <testcase classname="com.Automation.TestsCases.RecuritmentPage_Test" name="clickingVacancies" time="13.096"/>
  <system-out/>
  <testcase classname="com.Automation.TestsCases.RecuritmentPage_Test" name="clickingAddCandidate" time="12.488"/>
  <system-out/>
</testsuite> <!-- com.Automation.TestsCases.RecuritmentPage_Test -->
